<?xml version="1.0" encoding="UTF-8"?>
<!-- Generated by org.testng.reporters.JUnitXMLReporter -->
<testsuite hostname="LAPTOP-4DPQMBAO" ignored="0" name="Default test" tests="4" failures="0" timestamp="2021-03-04T16:04:47 EST" time="84.858" errors="0">
  <testcase name="ContactsLabelTest" time="0.111" classname="com.freecrm.testcases.ContactsPageTest"/>
  <testcase name="SingleContactSelection" time="3.224" classname="com.freecrm.testcases.ContactsPageTest"/>
  <testcase name="multiContactSelection" time="3.466" classname="com.freecrm.testcases.ContactsPageTest"/>
  <testcase name="validateCreateNewContact" time="10.285" classname="com.freecrm.testcases.ContactsPageTest"/>
</testsuite> <!-- Default test -->
