<?xml version="1.0" encoding="UTF-8"?>
<!-- Generated by org.testng.reporters.JUnitXMLReporter -->
<testsuite hostname="LAPTOP-4DPQMBAO" ignored="0" name="Free CRM Application Test cases" tests="10" failures="0" timestamp="2021-02-25T17:01:25 EST" time="140.652" errors="0">
  <testcase name="ContactsLabelTest" time="0.166" classname="com.freecrm.testcases.ContactsPageTest"/>
  <testcase name="SingleContactSelection" time="3.273" classname="com.freecrm.testcases.ContactsPageTest"/>
  <testcase name="multiContactSelection" time="3.522" classname="com.freecrm.testcases.ContactsPageTest"/>
  <testcase name="verifyHomePageTitleTest" time="0.006" classname="com.freecrm.testcases.HomePageTest"/>
  <testcase name="UsernameVerificationTest" time="0.085" classname="com.freecrm.testcases.HomePageTest"/>
  <testcase name="verifyContactsLinkTest" time="1.068" classname="com.freecrm.testcases.HomePageTest"/>
  <testcase name="DealsLinkTest" time="1.265" classname="com.freecrm.testcases.HomePageTest"/>
  <testcase name="LoginPageTitleTest" time="0.028" classname="com.freecrm.testcases.LoginPageTest"/>
  <testcase name="crmLogoImageTest" time="0.087" classname="com.freecrm.testcases.LoginPageTest"/>
  <testcase name="LoginTest" time="4.393" classname="com.freecrm.testcases.LoginPageTest"/>
</testsuite> <!-- Free CRM Application Test cases -->
