<?xml version="1.0" encoding="UTF-8"?>
<testsuite xmlns:xsi="http://www.w3.org/2001/XMLSchema-instance" xsi:noNamespaceSchemaLocation="https://maven.apache.org/surefire/maven-surefire-plugin/xsd/surefire-test-report.xsd" name="TestSuite" time="31.848" tests="7" errors="0" skipped="4" failures="3">
  <properties>
[...]
</properties>
  <testcase name="setUp" classname="com.freecrm.testcases.ContactsPageTest" time="4.868">
    <failure message="permission denied&#10;Build info: version: &apos;3.141.59&apos;, revision: &apos;e82be7d358&apos;, time: &apos;2018-11-14T08:17:03&apos;&#10;System info: host: &apos;LAPTOP-4DPQMBAO&apos;, ip: &apos;192.168.145.1&apos;, os.name: &apos;Windows 10&apos;, os.arch: &apos;amd64&apos;, os.version: &apos;10.0&apos;, java.version: &apos;11.0.10&apos;&#10;Driver info: driver.version: FirefoxDriver&#10;remote stacktrace: " type="org.openqa.selenium.WebDriverException">org.openqa.selenium.WebDriverException: 
permission denied
Build info: version: '3.141.59', revision: 'e82be7d358', time: '2018-11-14T08:17:03'
System info: host: 'LAPTOP-4DPQMBAO', ip: '192.168.145.1', os.name: 'Windows 10', os.arch: 'amd64', os.version: '10.0', java.version: '11.0.10'
Driver info: driver.version: FirefoxDriver
remote stacktrace: 
	at com.freecrm.testcases.ContactsPageTest.setUp(ContactsPageTest.java:33)
</failure>
    <system-err><![CDATA[1615752076477	mozrunner::runner	INFO	Running command: "C:\\Program Files\\Mozilla Firefox\\firefox.exe" "-marionette" "-foreground" "-no-remote" "-profile" "C:\\Users\\mehta\\AppData\\Local\\Temp\\rust_mozprofileqzZP09"
]]></system-err>
  </testcase>
  <testcase name="ContactsLabelTest" classname="com.freecrm.testcases.ContactsPageTest" time="0">
    <skipped message="permission denied&#10;Build info: version: &apos;3.141.59&apos;, revision: &apos;e82be7d358&apos;, time: &apos;2018-11-14T08:17:03&apos;&#10;System info: host: &apos;LAPTOP-4DPQMBAO&apos;, ip: &apos;192.168.145.1&apos;, os.name: &apos;Windows 10&apos;, os.arch: &apos;amd64&apos;, os.version: &apos;10.0&apos;, java.version: &apos;11.0.10&apos;&#10;Driver info: driver.version: FirefoxDriver&#10;remote stacktrace: "/>
  </testcase>
  <testcase name="tearDown" classname="com.freecrm.testcases.ContactsPageTest" time="0">
    <skipped/>
  </testcase>
  <testcase name="verifyHomePageTitleTest" classname="com.freecrm.testcases.HomePageTest" time="0.013">
    <failure message="HomePage Title does not match with expected Title expected [CRMPRO] but found [CRMPRO - CRM software for customer relationship management, sales, and support.]" type="java.lang.AssertionError">java.lang.AssertionError: HomePage Title does not match with expected Title expected [CRMPRO] but found [CRMPRO - CRM software for customer relationship management, sales, and support.]
	at com.freecrm.testcases.HomePageTest.verifyHomePageTitleTest(HomePageTest.java:41)
</failure>
    <system-err><![CDATA[1615752079482	mozrunner::runner	INFO	Running command: "C:\\Program Files\\Mozilla Firefox\\firefox.exe" "-marionette" "-foreground" "-no-remote" "-profile" "C:\\Users\\mehta\\AppData\\Local\\Temp\\rust_mozprofilevx0Umb"
JavaScript error: resource://gre/modules/XULStore.jsm, line 66: Error: Can't find profile directory.
console.warn: SearchSettings: "get: No settings file exists, new profile?" (new Error("", "(unknown module)"))
1615752089800	Marionette	INFO	Listening on port 53532
1615752090074	Marionette	WARN	TLS certificate errors will be ignored for this session
Mar. 14, 2021 4:01:30 P.M. org.openqa.selenium.remote.ProtocolHandshake createSession
INFO: Detected dialect: W3C
JavaScript error: https://js.intercomcdn.com/frame.84470086.js, line 1: SecurityError: Permission denied to get property "href" on cross-origin object
JavaScript error: https://js.intercomcdn.com/frame.84470086.js, line 1: SecurityError: Permission denied to access property "requestAnimationFrame" on cross-origin object
JavaScript error: https://js.intercomcdn.com/frame.84470086.js, line 1: SecurityError: Permission denied to access property "innerWidth" on cross-origin object
JavaScript error: https://js.intercomcdn.com/frame.84470086.js, line 1: SecurityError: Permission denied to access property "removeEventListener" on cross-origin object
JavaScript error: https://js.intercomcdn.com/frame.84470086.js, line 1: SecurityError: Permission denied to access property "requestAnimationFrame" on cross-origin object
JavaScript error: https://js.intercomcdn.com/frame.84470086.js, line 1: SecurityError: Permission denied to access property "requestAnimationFrame" on cross-origin object
]]></system-err>
  </testcase>
  <testcase name="setUp" classname="com.freecrm.testcases.LoginPageTest" time="6.98">
    <failure message="permission denied&#10;Build info: version: &apos;3.141.59&apos;, revision: &apos;e82be7d358&apos;, time: &apos;2018-11-14T08:17:03&apos;&#10;System info: host: &apos;LAPTOP-4DPQMBAO&apos;, ip: &apos;192.168.145.1&apos;, os.name: &apos;Windows 10&apos;, os.arch: &apos;amd64&apos;, os.version: &apos;10.0&apos;, java.version: &apos;11.0.10&apos;&#10;Driver info: driver.version: FirefoxDriver&#10;remote stacktrace: " type="org.openqa.selenium.WebDriverException">org.openqa.selenium.WebDriverException: 
permission denied
Build info: version: '3.141.59', revision: 'e82be7d358', time: '2018-11-14T08:17:03'
System info: host: 'LAPTOP-4DPQMBAO', ip: '192.168.145.1', os.name: 'Windows 10', os.arch: 'amd64', os.version: '10.0', java.version: '11.0.10'
Driver info: driver.version: FirefoxDriver
remote stacktrace: 
	at com.freecrm.testcases.LoginPageTest.setUp(LoginPageTest.java:23)
</failure>
    <system-err><![CDATA[1615752097835	Marionette	INFO	Stopped listening on port 53532

###!!! [Child][MessageChannel] Error: (msgtype=0x5B0009,name=PHttpChannel::Msg_DeletingChannel) Channel closing: too late to send/recv, messages will be lost

1615752102674	mozrunner::runner	INFO	Running command: "C:\\Program Files\\Mozilla Firefox\\firefox.exe" "-marionette" "-foreground" "-no-remote" "-profile" "C:\\Users\\mehta\\AppData\\Local\\Temp\\rust_mozprofilezegmnT"
]]></system-err>
  </testcase>
  <testcase name="LoginPageTitleTest" classname="com.freecrm.testcases.LoginPageTest" time="0">
    <skipped message="permission denied&#10;Build info: version: &apos;3.141.59&apos;, revision: &apos;e82be7d358&apos;, time: &apos;2018-11-14T08:17:03&apos;&#10;System info: host: &apos;LAPTOP-4DPQMBAO&apos;, ip: &apos;192.168.145.1&apos;, os.name: &apos;Windows 10&apos;, os.arch: &apos;amd64&apos;, os.version: &apos;10.0&apos;, java.version: &apos;11.0.10&apos;&#10;Driver info: driver.version: FirefoxDriver&#10;remote stacktrace: "/>
  </testcase>
  <testcase name="tearDown" classname="com.freecrm.testcases.LoginPageTest" time="0">
    <skipped/>
  </testcase>
</testsuite>